[2016-07-02 16:05:22,059] DEBUG preRegister called. Server=com.sun.jmx.mbeanserver.JmxMBeanServer@66d3c617, name=log4j:logger=kafka.controller (kafka.controller)
[2016-07-02 16:06:11,951] INFO [Controller 0]: Controller starting up (kafka.controller.KafkaController)
[2016-07-02 16:06:12,137] INFO [Controller 0]: Broker 0 starting become controller state transition (kafka.controller.KafkaController)
[2016-07-02 16:06:12,179] INFO [Controller 0]: Controller 0 incremented epoch to 1 (kafka.controller.KafkaController)
[2016-07-02 16:06:12,181] DEBUG [Controller 0]: Registering IsrChangeNotificationListener (kafka.controller.KafkaController)
[2016-07-02 16:06:12,229] INFO [Controller 0]: Partitions undergoing preferred replica election:  (kafka.controller.KafkaController)
[2016-07-02 16:06:12,229] INFO [Controller 0]: Partitions that completed preferred replica election:  (kafka.controller.KafkaController)
[2016-07-02 16:06:12,230] INFO [Controller 0]: Resuming preferred replica election for partitions:  (kafka.controller.KafkaController)
[2016-07-02 16:06:12,257] INFO [Controller 0]: Partitions being reassigned: Map() (kafka.controller.KafkaController)
[2016-07-02 16:06:12,259] INFO [Controller 0]: Partitions already reassigned: List() (kafka.controller.KafkaController)
[2016-07-02 16:06:12,260] INFO [Controller 0]: Resuming reassignment of partitions: Map() (kafka.controller.KafkaController)
[2016-07-02 16:06:12,263] INFO [Controller 0]: List of topics to be deleted:  (kafka.controller.KafkaController)
[2016-07-02 16:06:12,264] INFO [Controller 0]: List of topics ineligible for deletion:  (kafka.controller.KafkaController)
[2016-07-02 16:06:12,267] INFO [Controller 0]: Currently active brokers in the cluster: Set() (kafka.controller.KafkaController)
[2016-07-02 16:06:12,267] INFO [Controller 0]: Currently shutting brokers in the cluster: Set() (kafka.controller.KafkaController)
[2016-07-02 16:06:12,268] INFO [Controller 0]: Current list of topics in the cluster: Set() (kafka.controller.KafkaController)
[2016-07-02 16:06:12,295] INFO [Replica state machine on controller 0]: Started replica state machine with initial state -> Map() (kafka.controller.ReplicaStateMachine)
[2016-07-02 16:06:12,325] INFO [Partition state machine on Controller 0]: Started partition state machine with initial state -> Map() (kafka.controller.PartitionStateMachine)
[2016-07-02 16:06:12,327] INFO [Controller 0]: Broker 0 is ready to serve as the new controller with epoch 1 (kafka.controller.KafkaController)
[2016-07-02 16:06:12,329] INFO [Controller 0]: Starting preferred replica leader election for partitions  (kafka.controller.KafkaController)
[2016-07-02 16:06:12,330] INFO [Partition state machine on Controller 0]: Invoking state change to OnlinePartition for partitions  (kafka.controller.PartitionStateMachine)
[2016-07-02 16:06:12,370] INFO [Controller 0]: starting the partition rebalance scheduler (kafka.controller.KafkaController)
[2016-07-02 16:06:12,372] INFO [Controller 0]: Controller startup complete (kafka.controller.KafkaController)
[2016-07-02 16:06:12,809] INFO [BrokerChangeListener on Controller 0]: Broker change listener fired for path /brokers/ids with children 0 (kafka.controller.ReplicaStateMachine$BrokerChangeListener)
[2016-07-02 16:06:12,892] INFO [BrokerChangeListener on Controller 0]: Newly added brokers: 0, deleted brokers: , all live brokers: 0 (kafka.controller.ReplicaStateMachine$BrokerChangeListener)
[2016-07-02 16:06:12,894] DEBUG [Channel manager on controller 0]: Controller 0 trying to connect to broker 0 (kafka.controller.ControllerChannelManager)
[2016-07-02 16:06:12,960] INFO [Controller-0-to-broker-0-send-thread], Starting  (kafka.controller.RequestSendThread)
[2016-07-02 16:06:12,961] INFO [Controller 0]: New broker startup callback for 0 (kafka.controller.KafkaController)
[2016-07-02 16:06:13,049] INFO [Controller-0-to-broker-0-send-thread], Controller 0 connected to hungnh.gemvietnam.com:9092 (id: 0 rack: null) for sending state change requests (kafka.controller.RequestSendThread)
[2016-07-02 16:06:17,374] TRACE [Controller 0]: checking need to trigger partition rebalance (kafka.controller.KafkaController)
[2016-07-02 16:06:17,375] DEBUG [Controller 0]: preferred replicas by broker Map() (kafka.controller.KafkaController)
[2016-07-02 16:11:17,375] TRACE [Controller 0]: checking need to trigger partition rebalance (kafka.controller.KafkaController)
[2016-07-02 16:11:17,375] DEBUG [Controller 0]: preferred replicas by broker Map() (kafka.controller.KafkaController)
[2016-07-02 16:12:46,958] DEBUG [TopicChangeListener on Controller 0]: Topic change listener fired for path /brokers/topics with children test (kafka.controller.PartitionStateMachine$TopicChangeListener)
[2016-07-02 16:12:46,978] INFO [TopicChangeListener on Controller 0]: New topics: [Set(test)], deleted topics: [Set()], new partition replica assignment [Map([test,0] -> List(0))] (kafka.controller.PartitionStateMachine$TopicChangeListener)
[2016-07-02 16:12:47,023] INFO [Controller 0]: New topic creation callback for [test,0] (kafka.controller.KafkaController)
[2016-07-02 16:12:47,036] INFO [Controller 0]: New partition creation callback for [test,0] (kafka.controller.KafkaController)
[2016-07-02 16:12:47,058] INFO [Partition state machine on Controller 0]: Invoking state change to NewPartition for partitions [test,0] (kafka.controller.PartitionStateMachine)
[2016-07-02 16:12:47,083] INFO [Replica state machine on controller 0]: Invoking state change to NewReplica for replicas [Topic=test,Partition=0,Replica=0] (kafka.controller.ReplicaStateMachine)
[2016-07-02 16:12:47,094] INFO [Partition state machine on Controller 0]: Invoking state change to OnlinePartition for partitions [test,0] (kafka.controller.PartitionStateMachine)
[2016-07-02 16:12:47,096] DEBUG [Partition state machine on Controller 0]: Live assigned replicas for partition [test,0] are: [List(0)] (kafka.controller.PartitionStateMachine)
[2016-07-02 16:12:47,124] DEBUG [Partition state machine on Controller 0]: Initializing leader and isr for partition [test,0] to (Leader:0,ISR:0,LeaderEpoch:0,ControllerEpoch:1) (kafka.controller.PartitionStateMachine)
[2016-07-02 16:12:47,273] INFO [Replica state machine on controller 0]: Invoking state change to OnlineReplica for replicas [Topic=test,Partition=0,Replica=0] (kafka.controller.ReplicaStateMachine)
[2016-07-02 16:16:17,378] TRACE [Controller 0]: checking need to trigger partition rebalance (kafka.controller.KafkaController)
[2016-07-02 16:16:17,378] DEBUG [Controller 0]: preferred replicas by broker Map(0 -> Map([test,0] -> List(0))) (kafka.controller.KafkaController)
[2016-07-02 16:16:17,380] DEBUG [Controller 0]: topics not in preferred replica Map() (kafka.controller.KafkaController)
[2016-07-02 16:16:17,397] TRACE [Controller 0]: leader imbalance ratio for broker 0 is 0.000000 (kafka.controller.KafkaController)
[2016-07-02 16:21:17,380] TRACE [Controller 0]: checking need to trigger partition rebalance (kafka.controller.KafkaController)
[2016-07-02 16:21:17,380] DEBUG [Controller 0]: preferred replicas by broker Map(0 -> Map([test,0] -> List(0))) (kafka.controller.KafkaController)
[2016-07-02 16:21:17,380] DEBUG [Controller 0]: topics not in preferred replica Map() (kafka.controller.KafkaController)
[2016-07-02 16:21:17,380] TRACE [Controller 0]: leader imbalance ratio for broker 0 is 0.000000 (kafka.controller.KafkaController)
[2016-07-02 16:26:17,382] TRACE [Controller 0]: checking need to trigger partition rebalance (kafka.controller.KafkaController)
[2016-07-02 16:26:17,382] DEBUG [Controller 0]: preferred replicas by broker Map(0 -> Map([test,0] -> List(0))) (kafka.controller.KafkaController)
[2016-07-02 16:26:17,382] DEBUG [Controller 0]: topics not in preferred replica Map() (kafka.controller.KafkaController)
[2016-07-02 16:26:17,382] TRACE [Controller 0]: leader imbalance ratio for broker 0 is 0.000000 (kafka.controller.KafkaController)
[2016-07-02 16:26:50,316] INFO [Controller 0]: Shutting down broker 0 (kafka.controller.KafkaController)
[2016-07-02 16:26:50,325] DEBUG [Controller 0]: All shutting down brokers: 0 (kafka.controller.KafkaController)
[2016-07-02 16:26:50,326] DEBUG [Controller 0]: Live brokers:  (kafka.controller.KafkaController)
[2016-07-02 16:26:50,330] TRACE [Controller 0]: All leaders = [test,0] -> (Leader:0,ISR:0,LeaderEpoch:0,ControllerEpoch:1) (kafka.controller.KafkaController)
[2016-07-02 16:26:52,230] DEBUG [Controller 0]: Controller resigning, broker id 0 (kafka.controller.KafkaController)
[2016-07-02 16:26:52,231] DEBUG [Controller 0]: De-registering IsrChangeNotificationListener (kafka.controller.KafkaController)
[2016-07-02 16:26:52,233] INFO [Partition state machine on Controller 0]: Stopped partition state machine (kafka.controller.PartitionStateMachine)
[2016-07-02 16:26:52,234] INFO [Replica state machine on controller 0]: Stopped replica state machine (kafka.controller.ReplicaStateMachine)
[2016-07-02 16:26:52,236] INFO [Controller-0-to-broker-0-send-thread], Shutting down (kafka.controller.RequestSendThread)
[2016-07-02 16:26:52,236] INFO [Controller-0-to-broker-0-send-thread], Stopped  (kafka.controller.RequestSendThread)
[2016-07-02 16:26:52,236] INFO [Controller-0-to-broker-0-send-thread], Shutdown completed (kafka.controller.RequestSendThread)
[2016-07-02 16:26:52,236] INFO [Controller 0]: Broker 0 resigned as the controller (kafka.controller.KafkaController)
